<?xml version="1.0" ?>
<coverage branch-rate="1" line-rate="1" version="5.5" timestamp="1630000000">
  <sources>
    <source>/path/to/your/project</source>
  </sources>
  <packages>
    <package name="app" branch-rate="1" line-rate="1">
      <classes>
        <class name="main.py" filename="app/main.py" branch-rate="1" line-rate="1">
          <lines>
            <line number="1" hits="1"/>
            <line number="2" hits="1"/>
            <!-- ... -->
          </lines>
        </class>
        <!-- ... -->
      </classes>
    </package>
    <!-- ... -->
  </packages>
</coverage>